e:\vs\task1\minidraw\minidraw\x64\debug\qrc_minidraw.obj
e:\vs\task1\minidraw\minidraw\x64\debug\moc_minidraw.obj
e:\vs\task1\minidraw\minidraw\x64\debug\vc143.pdb
e:\vs\task1\minidraw\minidraw\x64\debug\moc_viewwidget.obj
e:\vs\task1\minidraw\minidraw\x64\debug\viewwidget.obj
e:\vs\task1\minidraw\minidraw\x64\debug\line.obj
e:\vs\task1\minidraw\minidraw\x64\debug\minidraw.obj
e:\vs\task1\minidraw\minidraw\x64\debug\main.obj
e:\vs\task1\minidraw\minidraw\x64\debug\uic\ui_minidraw.h
e:\vs\task1\minidraw\minidraw\x64\debug\rcc\qrc_minidraw.cpp
e:\vs\task1\minidraw\minidraw\x64\debug\moc\moc_minidraw.cpp
e:\vs\task1\minidraw\minidraw\x64\debug\moc\moc_viewwidget.cpp
e:\vs\task1\minidraw\x64\debug\minidraw.ilk
e:\vs\task1\minidraw\x64\debug\minidraw.pdb
e:\vs\task1\minidraw\minidraw\x64\debug\minidraw.tlog\cl.command.1.tlog
e:\vs\task1\minidraw\minidraw\x64\debug\minidraw.tlog\cl.items.tlog
e:\vs\task1\minidraw\minidraw\x64\debug\minidraw.tlog\cl.read.1.tlog
e:\vs\task1\minidraw\minidraw\x64\debug\minidraw.tlog\cl.write.1.tlog
e:\vs\task1\minidraw\minidraw\x64\debug\minidraw.tlog\link-cvtres.read.1.tlog
e:\vs\task1\minidraw\minidraw\x64\debug\minidraw.tlog\link-cvtres.write.1.tlog
e:\vs\task1\minidraw\minidraw\x64\debug\minidraw.tlog\link-rc.read.1.tlog
e:\vs\task1\minidraw\minidraw\x64\debug\minidraw.tlog\link-rc.write.1.tlog
e:\vs\task1\minidraw\minidraw\x64\debug\minidraw.tlog\link.21556-cvtres.read.1.tlog
e:\vs\task1\minidraw\minidraw\x64\debug\minidraw.tlog\link.21556-cvtres.write.1.tlog
e:\vs\task1\minidraw\minidraw\x64\debug\minidraw.tlog\link.21556-rc.read.1.tlog
e:\vs\task1\minidraw\minidraw\x64\debug\minidraw.tlog\link.21556-rc.write.1.tlog
e:\vs\task1\minidraw\minidraw\x64\debug\minidraw.tlog\link.21556.read.1.tlog
e:\vs\task1\minidraw\minidraw\x64\debug\minidraw.tlog\link.21556.read.2.tlog
e:\vs\task1\minidraw\minidraw\x64\debug\minidraw.tlog\link.21556.write.1.tlog
e:\vs\task1\minidraw\minidraw\x64\debug\minidraw.tlog\link.command.1.tlog
e:\vs\task1\minidraw\minidraw\x64\debug\minidraw.tlog\link.read.1.tlog
e:\vs\task1\minidraw\minidraw\x64\debug\minidraw.tlog\link.read.2.tlog
e:\vs\task1\minidraw\minidraw\x64\debug\minidraw.tlog\link.secondary.1.tlog
e:\vs\task1\minidraw\minidraw\x64\debug\minidraw.tlog\link.write.1.tlog
e:\vs\task1\minidraw\minidraw\x64\debug\minidraw.tlog\minidraw.write.1u.tlog
e:\vs\task1\minidraw\minidraw\x64\debug\minidraw.tlog\moc.read.1u.tlog
e:\vs\task1\minidraw\minidraw\x64\debug\minidraw.tlog\moc.write.1u.tlog
e:\vs\task1\minidraw\minidraw\x64\debug\minidraw.tlog\rcc.read.1u.tlog
e:\vs\task1\minidraw\minidraw\x64\debug\minidraw.tlog\rcc.write.1u.tlog
e:\vs\task1\minidraw\minidraw\x64\debug\minidraw.tlog\uic.read.1u.tlog
e:\vs\task1\minidraw\minidraw\x64\debug\minidraw.tlog\uic.write.1u.tlog
